x0:0.00e+000    y0:5.00e-001    f:4.465040184799e-001
x0:0.00e+000    y1:5.50e-001    f:3.246832629274e-001
x0:0.00e+000    y2:6.00e-001    f:2.101596866825e-001
x0:0.00e+000    y3:6.50e-001    f:1.030436083159e-001
x0:0.00e+000    y4:7.00e-001    f:3.401895562659e-003
x0:0.00e+000    y5:7.50e-001    f:-8.873581363801e-002
x0:0.00e+000    y6:8.00e-001    f:-1.733716327497e-001
x0:0.00e+000    y7:8.50e-001    f:-2.505346114666e-001
x0:0.00e+000    y8:9.00e-001    f:-3.202765063876e-001
x0:0.00e+000    y9:9.50e-001    f:-3.826680661097e-001
x0:0.00e+000    y10:1.00e+000    f:-4.377957667384e-001
x0:0.00e+000    y11:1.05e+000    f:-4.857589414438e-001
x0:0.00e+000    y12:1.10e+000    f:-5.266672548835e-001
x0:0.00e+000    y13:1.15e+000    f:-5.606384797965e-001
x0:0.00e+000    y14:1.20e+000    f:-5.877965387677e-001
x0:0.00e+000    y15:1.25e+000    f:-6.082697790899e-001
x0:0.00e+000    y16:1.30e+000    f:-6.221894528764e-001
x0:0.00e+000    y17:1.35e+000    f:-6.296883781856e-001
x0:0.00e+000    y18:1.40e+000    f:-6.308997600028e-001
x0:0.00e+000    y19:1.45e+000    f:-6.259561525454e-001
x0:0.00e+000    y20:1.50e+000    f:-6.149885466094e-001
x1:8.00e-002    y0:5.00e-001    f:6.380152265102e-001
x1:8.00e-002    y1:5.50e-001    f:5.066117551462e-001
x1:8.00e-002    y2:6.00e-001    f:3.821763692772e-001
x1:8.00e-002    y3:6.50e-001    f:2.648634911536e-001
x1:8.00e-002    y4:7.00e-001    f:1.547802002848e-001
x1:8.00e-002    y5:7.50e-001    f:5.199268349093e-002
x1:8.00e-002    y6:8.00e-001    f:-4.346804020491e-002
x1:8.00e-002    y7:8.50e-001    f:-1.316010567885e-001
x1:8.00e-002    y8:9.00e-001    f:-2.124310883088e-001
x1:8.00e-002    y9:9.50e-001    f:-2.860045510580e-001
x1:8.00e-002    y10:1.00e+000    f:-3.523860789794e-001
x1:8.00e-002    y11:1.05e+000    f:-4.116554565222e-001
x1:8.00e-002    y12:1.10e+000    f:-4.639049115188e-001
x1:8.00e-002    y13:1.15e+000    f:-5.092367247005e-001
x1:8.00e-002    y14:1.20e+000    f:-5.477611179623e-001
x1:8.00e-002    y15:1.25e+000    f:-5.795943883391e-001
x1:8.00e-002    y16:1.30e+000    f:-6.048572588895e-001
x1:8.00e-002    y17:1.35e+000    f:-6.236734213318e-001
x1:8.00e-002    y18:1.40e+000    f:-6.361682484133e-001
x1:8.00e-002    y19:1.45e+000    f:-6.424676566900e-001
x1:8.00e-002    y20:1.50e+000    f:-6.426971026996e-001
x2:1.60e-001    y0:5.00e-001    f:8.400813957651e-001
x2:1.60e-001    y1:5.50e-001    f:6.997641656726e-001
x2:1.60e-001    y2:6.00e-001    f:5.660614423514e-001
x2:1.60e-001    y3:6.50e-001    f:4.391716081175e-001
x2:1.60e-001    y4:7.00e-001    f:3.192421380407e-001
x2:1.60e-001    y5:7.50e-001    f:2.063761923874e-001
x2:1.60e-001    y6:8.00e-001    f:1.006385238914e-001
x2:1.60e-001    y7:8.50e-001    f:2.060740067835e-003
x2:1.60e-001    y8:9.00e-001    f:-8.935402476698e-002
x2:1.60e-001    y9:9.50e-001    f:-1.736269688649e-001
x2:1.60e-001    y10:1.00e+000    f:-2.507999561599e-001
x2:1.60e-001    y11:1.05e+000    f:-3.209322694446e-001
x2:1.60e-001    y12:1.10e+000    f:-3.840977350046e-001
x2:1.60e-001    y13:1.15e+000    f:-4.403821754175e-001
x2:1.60e-001    y14:1.20e+000    f:-4.898811523126e-001
x2:1.60e-001    y15:1.25e+000    f:-5.326979655338e-001
x2:1.60e-001    y16:1.30e+000    f:-5.689418792921e-001
x2:1.60e-001    y17:1.35e+000    f:-5.987265495151e-001
x2:1.60e-001    y18:1.40e+000    f:-6.221686297503e-001
x2:1.60e-001    y19:1.45e+000    f:-6.393865356972e-001
x2:1.60e-001    y20:1.50e+000    f:-6.504993507878e-001
x3:2.40e-001    y0:5.00e-001    f:1.051515091801e+000
x3:2.40e-001    y1:5.50e-001    f:9.029274308302e-001
x3:2.40e-001    y2:6.00e-001    f:7.605802668593e-001
x3:2.40e-001    y3:6.50e-001    f:6.247151981455e-001
x3:2.40e-001    y4:7.00e-001    f:4.955197560009e-001
x3:2.40e-001    y5:7.50e-001    f:3.731340427746e-001
x3:2.40e-001    y6:8.00e-001    f:2.576567488723e-001
x3:2.40e-001    y7:8.50e-001    f:1.491505594102e-001
x3:2.40e-001    y8:9.00e-001    f:4.764698677337e-002
x3:2.40e-001    y9:9.50e-001    f:-4.684932320146e-002
x3:2.40e-001    y10:1.00e+000    f:-1.343567603849e-001
x3:2.40e-001    y11:1.05e+000    f:-2.149133449274e-001
x3:2.40e-001    y12:1.10e+000    f:-2.885737006348e-001
x3:2.40e-001    y13:1.15e+000    f:-3.554063647857e-001
x3:2.40e-001    y14:1.20e+000    f:-4.154913964886e-001
x3:2.40e-001    y15:1.25e+000    f:-4.689182499695e-001
x3:2.40e-001    y16:1.30e+000    f:-5.157838831247e-001
x3:2.40e-001    y17:1.35e+000    f:-5.561910752001e-001
x3:2.40e-001    y18:1.40e+000    f:-5.902469305629e-001
x3:2.40e-001    y19:1.45e+000    f:-6.180615482412e-001
x3:2.40e-001    y20:1.50e+000    f:-6.397468392579e-001
x4:3.20e-001    y0:5.00e-001    f:1.271246751481e+000
x4:3.20e-001    y1:5.50e-001    f:1.115002018146e+000
x4:3.20e-001    y2:6.00e-001    f:9.646077272154e-001
x4:3.20e-001    y3:6.50e-001    f:8.203473694749e-001
x4:3.20e-001    y4:7.00e-001    f:6.824476781794e-001
x4:3.20e-001    y5:7.50e-001    f:5.510852085975e-001
x4:3.20e-001    y6:8.00e-001    f:4.263923859018e-001
x4:3.20e-001    y7:8.50e-001    f:3.084629956332e-001
x4:3.20e-001    y8:9.00e-001    f:1.973571296919e-001
x4:3.20e-001    y9:9.50e-001    f:9.310562085941e-002
x4:3.20e-001    y10:1.00e+000    f:-4.285992234034e-003
x4:3.20e-001    y11:1.05e+000    f:-9.483392529689e-002
x4:3.20e-001    y12:1.10e+000    f:-1.785729903640e-001
x4:3.20e-001    y13:1.15e+000    f:-2.555537790546e-001
x4:3.20e-001    y14:1.20e+000    f:-3.258401501575e-001
x4:3.20e-001    y15:1.25e+000    f:-3.895069883634e-001
x4:3.20e-001    y16:1.30e+000    f:-4.466382045995e-001
x4:3.20e-001    y17:1.35e+000    f:-4.973249517677e-001
x4:3.20e-001    y18:1.40e+000    f:-5.416640326994e-001
x4:3.20e-001    y19:1.45e+000    f:-5.797564797951e-001
x4:3.20e-001    y20:1.50e+000    f:-6.117062881476e-001
x5:4.00e-001    y0:5.00e-001    f:1.498321052481e+000
x5:4.00e-001    y1:5.50e-001    f:1.334998632066e+000
x5:4.00e-001    y2:6.00e-001    f:1.177125123739e+000
x5:4.00e-001    y3:6.50e-001    f:1.025024055020e+000
x5:4.00e-001    y4:7.00e-001    f:8.789600231743e-001
x5:4.00e-001    y5:7.50e-001    f:7.391451087035e-001
x5:4.00e-001    y6:8.00e-001    f:6.057448714871e-001
x5:4.00e-001    y7:8.50e-001    f:4.788838610666e-001
x5:4.00e-001    y8:9.00e-001    f:3.586506258818e-001
x5:4.00e-001    y9:9.50e-001    f:2.451022361964e-001
x5:4.00e-001    y10:1.00e+000    f:1.382683509285e-001
x5:4.00e-001    y11:1.05e+000    f:3.815486540699e-002
x5:4.00e-001    y12:1.10e+000    f:-5.525282116814e-002
x5:4.00e-001    y13:1.15e+000    f:-1.419868808137e-001
x5:4.00e-001    y14:1.20e+000    f:-2.220944390959e-001
x5:4.00e-001    y15:1.25e+000    f:-2.956352324598e-001
x5:4.00e-001    y16:1.30e+000    f:-3.626795115028e-001
x5:4.00e-001    y17:1.35e+000    f:-4.233061642240e-001
x5:4.00e-001    y18:1.40e+000    f:-4.776010361324e-001
x5:4.00e-001    y19:1.45e+000    f:-5.256554266672e-001
x5:4.00e-001    y20:1.50e+000    f:-5.675647436551e-001
x6:4.80e-001    y0:5.00e-001    f:1.731892740382e+000
x6:4.80e-001    y1:5.50e-001    f:1.562034577208e+000
x6:4.80e-001    y2:6.00e-001    f:1.397216918208e+000
x6:4.80e-001    y3:6.50e-001    f:1.237801006739e+000
x6:4.80e-001    y4:7.00e-001    f:1.084087532678e+000
x6:4.80e-001    y5:7.50e-001    f:9.363227723149e-001
x6:4.80e-001    y6:8.00e-001    f:7.947044490537e-001
x6:4.80e-001    y7:8.50e-001    f:6.593871980282e-001
x6:4.80e-001    y8:9.00e-001    f:5.304875868400e-001
x6:4.80e-001    y9:9.50e-001    f:4.080886854542e-001
x6:4.80e-001    y10:1.00e+000    f:2.922442012295e-001
x6:4.80e-001    y11:1.05e+000    f:1.829822068535e-001
x6:4.80e-001    y12:1.10e+000    f:8.030849403543e-002
x6:4.80e-001    y13:1.15e+000    f:-1.579041305164e-002
x6:4.80e-001    y14:1.20e+000    f:-1.053445516210e-001
x6:4.80e-001    y15:1.25e+000    f:-1.883980906096e-001
x6:4.80e-001    y16:1.30e+000    f:-2.650071493189e-001
x6:4.80e-001    y17:1.35e+000    f:-3.352378389040e-001
x6:4.80e-001    y18:1.40e+000    f:-3.991645038868e-001
x6:4.80e-001    y19:1.45e+000    f:-4.568681433016e-001
x6:4.80e-001    y20:1.50e+000    f:-5.084349932782e-001
x7:5.60e-001    y0:5.00e-001    f:1.971221786400e+000
x7:5.60e-001    y1:5.50e-001    f:1.795329599501e+000
x7:5.60e-001    y2:6.00e-001    f:1.624067113228e+000
x7:5.60e-001    y3:6.50e-001    f:1.457830582708e+000
x7:5.60e-001    y4:7.00e-001    f:1.296954649752e+000
x7:5.60e-001    y5:7.50e-001    f:1.141718105447e+000
x7:5.60e-001    y6:8.00e-001    f:9.923495333243e-001
x7:5.60e-001    y7:8.50e-001    f:8.490326633294e-001
x7:5.60e-001    y8:9.00e-001    f:7.119113522641e-001
x7:5.60e-001    y9:9.50e-001    f:5.810941589219e-001
x7:5.60e-001    y10:1.00e+000    f:4.566585132334e-001
x7:5.60e-001    y11:1.05e+000    f:3.386544961394e-001
x7:5.60e-001    y12:1.10e+000    f:2.271082557696e-001
x7:5.60e-001    y13:1.15e+000    f:1.220250891932e-001
x7:5.60e-001    y14:1.20e+000    f:2.339221963760e-002
x7:5.60e-001    y15:1.25e+000    f:-6.881870197104e-002
x7:5.60e-001    y16:1.30e+000    f:-1.546493442129e-001
x7:5.60e-001    y17:1.35e+000    f:-2.341526664587e-001
x7:5.60e-001    y18:1.40e+000    f:-3.073910919133e-001
x7:5.60e-001    y19:1.45e+000    f:-3.744348623481e-001
x7:5.60e-001    y20:1.50e+000    f:-4.353605565359e-001
x8:6.40e-001    y0:5.00e-001    f:2.215667863688e+000
x8:6.40e-001    y1:5.50e-001    f:2.034201133607e+000
x8:6.40e-001    y2:6.00e-001    f:1.856955143619e+000
x8:6.40e-001    y3:6.50e-001    f:1.684358164161e+000
x8:6.40e-001    y4:7.00e-001    f:1.516776352400e+000
x8:6.40e-001    y5:7.50e-001    f:1.354519041151e+000
x8:6.40e-001    y6:8.00e-001    f:1.197844086673e+000
x8:6.40e-001    y7:8.50e-001    f:1.046963049419e+000
x8:6.40e-001    y8:9.00e-001    f:9.020460838023e-001
x8:6.40e-001    y9:9.50e-001    f:7.632264776629e-001
x8:6.40e-001    y10:1.00e+000    f:6.306048219543e-001
x8:6.40e-001    y11:1.05e+000    f:5.042528145972e-001
x8:6.40e-001    y12:1.10e+000    f:3.842167155457e-001
x8:6.40e-001    y13:1.15e+000    f:2.705204766410e-001
x8:6.40e-001    y14:1.20e+000    f:1.631685723996e-001
x8:6.40e-001    y15:1.25e+000    f:6.214855811676e-002
x8:6.40e-001    y16:1.30e+000    f:-3.256661939682e-002
x8:6.40e-001    y17:1.35e+000    f:-1.210165348444e-001
x8:6.40e-001    y18:1.40e+000    f:-2.032513996228e-001
x8:6.40e-001    y19:1.45e+000    f:-2.793303595584e-001
x8:6.40e-001    y20:1.50e+000    f:-3.493199575400e-001
x9:7.20e-001    y0:5.00e-001    f:2.464684222660e+000
x9:7.20e-001    y1:5.50e-001    f:2.278058979399e+000
x9:7.20e-001    y2:6.00e-001    f:2.095251250840e+000
x9:7.20e-001    y3:6.50e-001    f:1.916718127997e+000
x9:7.20e-001    y4:7.00e-001    f:1.742854628776e+000
x9:7.20e-001    y5:7.50e-001    f:1.573998427334e+000
x9:7.20e-001    y6:8.00e-001    f:1.410434835231e+000
x9:7.20e-001    y7:8.50e-001    f:1.252401750608e+000
x9:7.20e-001    y8:9.00e-001    f:1.100094409628e+000
x9:7.20e-001    y9:9.50e-001    f:9.536698512613e-001
x9:7.20e-001    y10:1.00e+000    f:8.132510552489e-001
x9:7.20e-001    y11:1.05e+000    f:6.789307429659e-001
x9:7.20e-001    y12:1.10e+000    f:5.507748485043e-001
x9:7.20e-001    y13:1.15e+000    f:4.288256769731e-001
x9:7.20e-001    y14:1.20e+000    f:3.131047717398e-001
x9:7.20e-001    y15:1.25e+000    f:2.036155140327e-001
x9:7.20e-001    y16:1.30e+000    f:1.003454782409e-001
x9:7.20e-001    y17:1.35e+000    f:3.268565186570e-003
x9:7.20e-001    y18:1.40e+000    f:-8.765306591329e-002
x9:7.20e-001    y19:1.45e+000    f:-1.724672478188e-001
x9:7.20e-001    y20:1.50e+000    f:-2.512302207523e-001
x10:8.00e-001    y0:5.00e-001    f:2.717811109469e+000
x10:8.00e-001    y1:5.50e-001    f:2.526399501256e+000
x10:8.00e-001    y2:6.00e-001    f:2.338411386860e+000
x10:8.00e-001    y3:6.50e-001    f:2.154329377280e+000
x10:8.00e-001    y4:7.00e-001    f:1.974574556652e+000
x10:8.00e-001    y5:7.50e-001    f:1.799510579099e+000
x10:8.00e-001    y6:8.00e-001    f:1.629448220554e+000
x10:8.00e-001    y7:8.50e-001    f:1.464650043751e+000
x10:8.00e-001    y8:9.00e-001    f:1.305334967651e+000
x10:8.00e-001    y9:9.50e-001    f:1.151682621307e+000
x10:8.00e-001    y10:1.00e+000    f:1.003837419906e+000
x10:8.00e-001    y11:1.05e+000    f:8.619123372279e-001
x10:8.00e-001    y12:1.10e+000    f:7.259923711112e-001
x10:8.00e-001    y13:1.15e+000    f:5.961377115201e-001
x10:8.00e-001    y14:1.20e+000    f:4.723866279136e-001
x10:8.00e-001    y15:1.25e+000    f:3.547580958979e-001
x10:8.00e-001    y16:1.30e+000    f:2.432541841813e-001
x10:8.00e-001    y17:1.35e+000    f:1.378622225247e-001
x10:8.00e-001    y18:1.40e+000    f:3.855677032640e-002
x10:8.00e-001    y19:1.45e+000    f:-5.469859593446e-002
x10:8.00e-001    y20:1.50e+000    f:-1.419496597088e-001
k的值为  1
σ的值为  3.220908973633e+000
k的值为  2
σ的值为  4.659960033246e-003
k的值为  3
σ的值为  1.721175379304e-004
k的值为  4
σ的值为  3.309534301006e-006
k的值为  5
σ的值为  2.541384967907e-008
拟合过程结果如下:
k的值为  5
σ的值为  2.541384967907e-008
拟合系数为:
C 0 0为  2.021230521258e+000
C 0 1为  -3.668426812176e+000
C 0 2为  7.092486541861e-001
C 0 3为  8.486053773229e-001
C 0 4为  -4.158974211571e-001
C 0 5为  6.743199228583e-002
C 1 0为  3.191909002671e+000
C 1 1为  -7.411103361519e-001
C 1 2为  -2.697124690912e+000
C 1 3为  1.631183466208e+000
C 1 4为  -4.847200168906e-001
C 1 5为  6.061428021769e-002
C 2 0为  2.568897784804e-001
C 2 1为  1.579918821051e+000
C 2 2为  -4.634088453022e-001
C 2 3为  -8.134385486483e-002
C 2 4为  1.020940318849e-001
C 2 5为  -2.101510142893e-002
C 3 0为  -2.692601853050e-001
C 3 1为  -7.302482360974e-001
C 3 2为  1.076147923071e+000
C 3 3为  -8.070147507824e-001
C 3 4为  3.028734433756e-001
C 3 5为  -4.597311523685e-002
C 4 0为  2.174595170654e-001
C 4 1为  -1.783714836929e-001
C 4 2为  -7.241025508847e-002
C 4 3为  2.433334584348e-001
C 4 4为  -1.413356257253e-001
C 4 5为  2.651096832415e-002
C 5 0为  -5.590314231813e-002
C 5 1为  1.431987831602e-001
C 5 2为  -1.362680392340e-001
C 5 3为  4.071803874103e-002
C 5 4为  3.775455232244e-003
C 5 5为  -2.668081055162e-003
x*:1.000e-001  y*:7.000e-001    f*:1.947204079177e-001  p*:1.947303585232e-001
x*:1.000e-001  y*:9.000e-001    f*:-1.830370791887e-001  p*:-1.830418362631e-001
x*:1.000e-001  y*:1.100e+000    f*:-4.454976469148e-001  p*:-4.455000371386e-001
x*:1.000e-001  y*:1.300e+000    f*:-5.975667076413e-001  p*:-5.975588494021e-001
x*:1.000e-001  y*:1.500e+000    f*:-6.464595939011e-001  p*:-6.464460997912e-001
x*:2.000e-001  y*:7.000e-001    f*:4.059791892881e-001  p*:4.059895389240e-001
x*:2.000e-001  y*:9.000e-001    f*:-2.251595837462e-002  p*:-2.252111700498e-002
x*:2.000e-001  y*:1.100e+000    f*:-3.382208160396e-001  p*:-3.382240233197e-001
x*:2.000e-001  y*:1.300e+000    f*:-5.444378315219e-001  p*:-5.444304515316e-001
x*:2.000e-001  y*:1.500e+000    f*:-6.473613385679e-001  p*:-6.473480114860e-001
x*:3.000e-001  y*:7.000e-001    f*:6.347771951509e-001  p*:6.347874509054e-001
x*:3.000e-001  y*:9.000e-001    f*:1.588011688394e-001  p*:1.587962927443e-001
x*:3.000e-001  y*:1.100e+000    f*:-2.073656941709e-001  p*:-2.073685854257e-001
x*:3.000e-001  y*:1.300e+000    f*:-4.653579068978e-001  p*:-4.653499310700e-001
x*:3.000e-001  y*:1.500e+000    f*:-6.202709530749e-001  p*:-6.202571508318e-001
x*:4.000e-001  y*:7.000e-001    f*:8.789600231743e-001  p*:8.789698628050e-001
x*:4.000e-001  y*:9.000e-001    f*:3.586506258818e-001  p*:3.586460385740e-001
x*:4.000e-001  y*:1.100e+000    f*:-5.525282116814e-002  p*:-5.525544518939e-002
x*:4.000e-001  y*:1.300e+000    f*:-3.626795115028e-001  p*:-3.626710769021e-001
x*:4.000e-001  y*:1.500e+000    f*:-5.675647436551e-001  p*:-5.675506053027e-001
x*:5.000e-001  y*:7.000e-001    f*:1.136610910158e+000  p*:1.136620350246e+000
x*:5.000e-001  y*:9.000e-001    f*:5.749803409475e-001  p*:5.749758364981e-001
x*:5.000e-001  y*:1.100e+000    f*:1.159923767920e-001  p*:1.159893101216e-001
x*:5.000e-001  y*:1.300e+000    f*:-2.385683040123e-001  p*:-2.385604387817e-001
x*:5.000e-001  y*:1.500e+000    f*:-4.914343936557e-001  p*:-4.914209325167e-001
x*:6.000e-001  y*:7.000e-001    f*:1.406041798905e+000  p*:1.406050682956e+000
x*:6.000e-001  y*:9.000e-001    f*:8.059414940631e-001  p*:8.059372933975e-001
x*:6.000e-001  y*:1.100e+000    f*:3.044292210453e-001  p*:3.044258167939e-001
x*:6.000e-001  y*:1.300e+000    f*:-9.501613009962e-002  p*:-9.500897153193e-002
x*:6.000e-001  y*:1.500e+000    f*:-3.939023077456e-001  p*:-3.938898788439e-001
x*:7.000e-001  y*:7.000e-001    f*:1.685783515309e+000  p*:1.685791211589e+000
x*:7.000e-001  y*:9.000e-001    f*:1.049881153064e+000  p*:1.049877727463e+000
x*:7.000e-001  y*:1.100e+000    f*:5.082937839397e-001  p*:5.082910237571e-001
x*:7.000e-001  y*:1.300e+000    f*:6.614879670648e-002  p*:6.615632075504e-002
x*:7.000e-001  y*:1.500e+000    f*:-2.768343417776e-001  p*:-2.768220980150e-001
x*:8.000e-001  y*:7.000e-001    f*:1.974574556652e+000  p*:1.974581254543e+000
x*:8.000e-001  y*:9.000e-001    f*:1.305334967651e+000  p*:1.305331988636e+000
x*:8.000e-001  y*:1.100e+000    f*:7.259923711112e-001  p*:7.259892816726e-001
x*:8.000e-001  y*:1.300e+000    f*:2.432541841813e-001  p*:2.432607405182e-001
x*:8.000e-001  y*:1.500e+000    f*:-1.419496597088e-001  p*:-1.419388697291e-001
